<?xml version="1.0" encoding="UTF-8"?>
<!-- Generated by org.testng.reporters.JUnitReportReporter -->
<testsuite hostname="LAPTOP-TU3TK1JK" failures="0" tests="1" name="mavendemo.Demo1" time="15.138" errors="0" timestamp="2022-11-17T15:49:29 IST" skipped="0">
  <testcase classname="mavendemo.Demo1" name="teardown" time="15.138"/>
  <system-out/>
</testsuite> <!-- mavendemo.Demo1 -->
